2024-02-07 08:16:46,398 The user has added a task
2024-02-07 08:16:50,757 Task:add apple in your diet was removed
2024-02-07 08:16:53,254 Task:add apple in your diet was removed
2024-02-07 08:16:54,468 Task:add apple in your diet was removed
2024-02-07 08:16:55,170 Task:apple was removed
2024-02-07 08:26:32,504 The user has added a task
2024-02-07 08:26:37,330 The user has added a task
2024-02-07 08:26:50,978 The user has added a task
2024-02-07 08:26:57,909 The user has added a task
2024-02-07 08:27:02,757 The user has added a task
2024-02-07 08:27:40,484 The user has added a task
2024-02-07 08:27:50,137 The user has added a task
2024-02-07 08:27:58,251 The user has added a task
2024-02-07 08:28:07,871 The user has added a task
2024-02-07 08:28:11,613 The user has added a task
2024-02-07 08:28:14,347 The user has added a task
2024-02-07 08:28:19,583 The user has added a task
2024-02-07 08:28:27,477 The user has added a task
2024-02-07 08:28:31,715 The user has added a task
2024-02-07 08:29:15,711 Task:sleep  was removed
2024-02-07 08:34:41,807 Task:sleep  was removed
2024-02-07 08:35:38,733 Task:sleep  was removed
2024-02-07 08:37:24,129 Task:sleep  was removed
2024-02-07 08:43:12,389 Task:sleep  was removed
2024-02-07 08:43:27,779 Task:irish work was removed
2024-02-07 08:45:44,729 Task:house of fashion work was removed
2024-02-07 08:47:12,080 Task:house of fashion work was removed
2024-02-07 08:47:58,744 Task:vsc was removed
